  FtpFileHandler.cpp
E:\C++\C++项目代码\C++服务器框架\Socket_套接字_2\Client\ftp\FtpFileHandler.cpp(1,1): warning C4819: 该文件包含不能在当前代码页(936)中表示的字符。请将该文件保存为 Unicode 格式以防止数据丢失
E:\C++\C++项目代码\C++服务器框架\Socket_套接字_2\Client\ftp\FtpFileHandler.h(1,1): warning C4819: 该文件包含不能在当前代码页(936)中表示的字符。请将该文件保存为 Unicode 格式以防止数据丢失
E:\C++\C++项目代码\C++服务器框架\Socket_套接字_2\Client\ftp\MsgDefine.h(1,1): warning C4819: 该文件包含不能在当前代码页(936)中表示的字符。请将该文件保存为 Unicode 格式以防止数据丢失
E:\C++\C++项目代码\C++服务器框架\Socket_套接字_2\Client\osapi\Socket.h(1,1): warning C4819: 该文件包含不能在当前代码页(936)中表示的字符。请将该文件保存为 Unicode 格式以防止数据丢失
E:\C++\C++项目代码\C++服务器框架\Socket_套接字_2\Client\osapi\Thread.h(1,1): warning C4819: 该文件包含不能在当前代码页(936)中表示的字符。请将该文件保存为 Unicode 格式以防止数据丢失
E:\C++\C++项目代码\C++服务器框架\Socket_套接字_2\Client\utility\FileUtils.h(1,1): warning C4819: 该文件包含不能在当前代码页(936)中表示的字符。请将该文件保存为 Unicode 格式以防止数据丢失
E:\C++\C++项目代码\C++服务器框架\Socket_套接字_2\Client\utility\CharacterEncoding.h(1,1): warning C4819: 该文件包含不能在当前代码页(936)中表示的字符。请将该文件保存为 Unicode 格式以防止数据丢失
E:\C++\C++项目代码\C++服务器框架\Socket_套接字_2\Client\ftp\FtpFileHandler.cpp(16,37): warning C4267: “初始化”: 从“size_t”转换到“int”，可能丢失数据
E:\C++\C++项目代码\C++服务器框架\Socket_套接字_2\Client\ftp\FtpFileHandler.cpp(249,17): warning C4244: “初始化”: 从“__int64”转换到“int”，可能丢失数据
E:\C++\C++项目代码\C++服务器框架\Socket_套接字_2\Client\ftp\FtpFileHandler.cpp(311,25): warning C4267: “初始化”: 从“size_t”转换到“int”，可能丢失数据
E:\C++\C++项目代码\C++服务器框架\Socket_套接字_2\Client\ftp\FtpFileHandler.cpp(313,9): warning C4101: “CanAccess”: 未引用的局部变量
E:\C++\C++项目代码\C++服务器框架\Socket_套接字_2\Client\ftp\FtpFileHandler.cpp(445,59): warning C4267: “参数”: 从“size_t”转换到“unsigned int”，可能丢失数据
E:\C++\C++项目代码\C++服务器框架\Socket_套接字_2\Client\ftp\FtpFileHandler.cpp(459,22): warning C4018: “<=”: 有符号/无符号不匹配
E:\C++\C++项目代码\C++服务器框架\Socket_套接字_2\Client\ftp\FtpFileHandler.cpp(491,54): warning C4267: “参数”: 从“size_t”转换到“unsigned int”，可能丢失数据
E:\C++\C++项目代码\C++服务器框架\Socket_套接字_2\Client\ftp\FtpFileHandler.cpp(499,23): warning C4244: “初始化”: 从“double”转换到“__int64”，可能丢失数据
E:\C++\C++项目代码\C++服务器框架\Socket_套接字_2\Client\ftp\FtpFileHandler.cpp(510,46): warning C4267: “=”: 从“size_t”转换到“int”，可能丢失数据
E:\C++\C++项目代码\C++服务器框架\Socket_套接字_2\Client\ftp\FtpFileHandler.cpp(628,42): warning C4267: “初始化”: 从“size_t”转换到“int”，可能丢失数据
E:\C++\C++项目代码\C++服务器框架\Socket_套接字_2\Client\ftp\FtpFileHandler.cpp(654,33): warning C4267: “初始化”: 从“size_t”转换到“int”，可能丢失数据
E:\C++\C++项目代码\C++服务器框架\Socket_套接字_2\Client\ftp\FtpFileHandler.cpp(6): warning C4717: “FileHandler::FileHandler”: 如递归所有控件路径，函数将导致运行时堆栈溢出
  Client.vcxproj -> E:\C++\C++项目代码\C++服务器框架\Socket_套接字_2\Client\x64\Debug\Client.exe
