e:\c++\c++项目代码\c++服务器框架\socket_套接字_2\client\client\x64\debug\vc142.pdb
e:\c++\c++项目代码\c++服务器框架\socket_套接字_2\client\client\x64\debug\vc142.idb
e:\c++\c++项目代码\c++服务器框架\socket_套接字_2\client\client\x64\debug\fileutils.obj
e:\c++\c++项目代码\c++服务器框架\socket_套接字_2\client\client\x64\debug\endian.obj
e:\c++\c++项目代码\c++服务器框架\socket_套接字_2\client\client\x64\debug\characterencoding.obj
e:\c++\c++项目代码\c++服务器框架\socket_套接字_2\client\client\x64\debug\bytebuffer.obj
e:\c++\c++项目代码\c++服务器框架\socket_套接字_2\client\client\x64\debug\thread_win32.obj
e:\c++\c++项目代码\c++服务器框架\socket_套接字_2\client\client\x64\debug\thread_linux.obj
e:\c++\c++项目代码\c++服务器框架\socket_套接字_2\client\client\x64\debug\socket.obj
e:\c++\c++项目代码\c++服务器框架\socket_套接字_2\client\client\x64\debug\semaphore_win32.obj
e:\c++\c++项目代码\c++服务器框架\socket_套接字_2\client\client\x64\debug\semaphore_linux.obj
e:\c++\c++项目代码\c++服务器框架\socket_套接字_2\client\client\x64\debug\mutex_win32.obj
e:\c++\c++项目代码\c++服务器框架\socket_套接字_2\client\client\x64\debug\mutex_linux.obj
e:\c++\c++项目代码\c++服务器框架\socket_套接字_2\client\client\x64\debug\main.obj
e:\c++\c++项目代码\c++服务器框架\socket_套接字_2\client\client\x64\debug\json_writer.obj
e:\c++\c++项目代码\c++服务器框架\socket_套接字_2\client\client\x64\debug\json_value.obj
e:\c++\c++项目代码\c++服务器框架\socket_套接字_2\client\client\x64\debug\json_reader.obj
e:\c++\c++项目代码\c++服务器框架\socket_套接字_2\client\client\x64\debug\ftpfilehandler.obj
e:\c++\c++项目代码\c++服务器框架\socket_套接字_2\client\client\x64\debug\ftpclient.obj
e:\c++\c++项目代码\c++服务器框架\socket_套接字_2\client\x64\debug\client.exe
e:\c++\c++项目代码\c++服务器框架\socket_套接字_2\client\client\x64\debug\client.ilk
e:\c++\c++项目代码\c++服务器框架\socket_套接字_2\client\x64\debug\client.pdb
e:\c++\c++项目代码\c++服务器框架\socket_套接字_2\client\client\x64\debug\client.tlog\cl.command.1.tlog
e:\c++\c++项目代码\c++服务器框架\socket_套接字_2\client\client\x64\debug\client.tlog\cl.read.1.tlog
e:\c++\c++项目代码\c++服务器框架\socket_套接字_2\client\client\x64\debug\client.tlog\cl.write.1.tlog
e:\c++\c++项目代码\c++服务器框架\socket_套接字_2\client\client\x64\debug\client.tlog\link.command.1.tlog
e:\c++\c++项目代码\c++服务器框架\socket_套接字_2\client\client\x64\debug\client.tlog\link.read.1.tlog
e:\c++\c++项目代码\c++服务器框架\socket_套接字_2\client\client\x64\debug\client.tlog\link.write.1.tlog
